id = 7 | start = 42 | end = 48
id = 4 | start = 24 | end = 30
id = 2 | start = 12 | end = 18
id = 3 | start = 18 | end = 24
id = 5 | start = 30 | end = 36
id = 6 | start = 36 | end = 42
id = 1 | start = 6 | end = 12
id = 15 | start = 90 | end = 96
id = 14 | start = 84 | end = 90
id = 11 | start = 66 | end = 72
id = 10 | start = 60 | end = 66
id = 13 | start = 78 | end = 84
id = 9 | start = 54 | end = 60
id = 8 | start = 48 | end = 54
id = 12 | start = 72 | end = 78
id = 0 | start = 0 | end = 6
Time to read file: 0.197000
Time to calculate difference: 3.428000
DATA, 2, 8, 3.428000
0-1: 32923
1-2: -144845
2-3: 54368
3-4: -71061
4-5: 2101
5-6: 0
6-7: -3137
7-8: 6344
8-9: -4350
9-10: 4558
10-11: 3039
11-12: 0
12-13: -135721
13-14: 154007
14-15: -164651
15-16: 156641
16-17: -4546
17-18: 0
18-19: -26528
19-20: 6322
20-21: -138054
21-22: 35903
22-23: -14261
23-24: 0
24-25: -159709
25-26: 150417
26-27: -141415
27-28: 3493
28-29: 127309
29-30: 0
30-31: -145174
31-32: 28979
32-33: 104102
33-34: -117276
34-35: -15487
35-36: 0
36-37: -144032
37-38: -1779
38-39: 156143
39-40: -135656
40-41: 139426
41-42: 0
42-43: 2978
43-44: -72240
44-45: -63548
45-46: 101234
46-47: -87363
47-48: 0
48-49: 6798
49-50: -3632
50-51: 4848
51-52: 1142
52-53: 8649
53-54: 0
54-55: 51154
55-56: 53536
56-57: -101903
57-58: -1960
58-59: -2559
59-60: 0
60-61: 130896
61-62: -127862
62-63: 148807
63-64: -149376
64-65: 114949
65-66: 0
66-67: -37373
67-68: 13089
68-69: 2828
69-70: -13441
70-71: 5746
71-72: 0
72-73: 10427
73-74: 2989
74-75: -15303
75-76: 4043
76-77: 71966
77-78: 0
78-79: -128003
79-80: 99641
80-81: -2498
81-82: -112661
82-83: 14361
83-84: 0
84-85: -14814
85-86: -15297
86-87: 9776
87-88: 50498
88-89: -69617
89-90: 0
90-91: 79714
91-92: 49706
92-93: -80504
93-94: -23558
94-95: -23559
95-96: 0
96-97: 0
97-98: 0
98-99: 0
