size = 2 - rank = 0
size = 2 - rank = 1
[mage01:20841] *** Process received signal ***
[mage01:20841] Signal: Segmentation fault (11)
[mage01:20841] Signal code: Address not mapped (1)
[mage01:20841] Failing at address: 0x781f8230
[mage01:20841] [ 0] /lib64/libc.so.6(+0x36280)[0x7f3f209fc280]
[mage01:20841] [ 1] /homes/bewewer/proj4/CIS520P4/src/3way-mpi/mpi-prod[0x40254b]
[mage01:20841] [ 2] /lib64/libc.so.6(__libc_start_main+0xf5)[0x7f3f209e83d5]
[mage01:20841] [ 3] /homes/bewewer/proj4/CIS520P4/src/3way-mpi/mpi-prod[0x4022a9]
[mage01:20841] *** End of error message ***
[mage01:20840] *** Process received signal ***
[mage01:20840] Signal: Segmentation fault (11)
[mage01:20840] Signal code: Address not mapped (1)
[mage01:20840] Failing at address: 0x781f8230
[mage01:20840] [ 0] /lib64/libc.so.6(+0x36280)[0x7f60e5799280]
[mage01:20840] [ 1] /homes/bewewer/proj4/CIS520P4/src/3way-mpi/mpi-prod[0x40254b]
[mage01:20840] [ 2] /lib64/libc.so.6(__libc_start_main+0xf5)[0x7f60e57853d5]
[mage01:20840] [ 3] /homes/bewewer/proj4/CIS520P4/src/3way-mpi/mpi-prod[0x4022a9]
[mage01:20840] *** End of error message ***
--------------------------------------------------------------------------
Primary job  terminated normally, but 1 process returned
a non-zero exit code. Per user-direction, the job has been aborted.
--------------------------------------------------------------------------
--------------------------------------------------------------------------
mpirun detected that one or more processes exited with non-zero status, thus causing
the job to be terminated. The first process to do so was:

  Process name: [[30206,1],1]
  Exit code:    11
--------------------------------------------------------------------------
