size = 8 - rank = 0
size = 8 - rank = 1
size = 8 - rank = 2
size = 8 - rank = 3
size = 8 - rank = 4
size = 8 - rank = 5
size = 8 - rank = 6
size = 8 - rank = 7
[hero09:03619] *** Process received signal ***
[hero09:03619] Signal: Segmentation fault (11)
[hero09:03619] Signal code: Address not mapped (1)
[hero09:03619] Failing at address: 0x781f8230
[hero09:03619] [ 0] /lib64/libc.so.6(+0x36280)[0x7f23adc5a280]
[hero09:03619] [ 1] /homes/bewewer/proj4/CIS520P4/src/3way-mpi/mpi-prod[0x40254b]
[hero09:03619] [ 2] /lib64/libc.so.6(__libc_start_main+0xf5)[0x7f23adc463d5]
[hero09:03619] [ 3] /homes/bewewer/proj4/CIS520P4/src/3way-mpi/mpi-prod[0x4022a9]
[hero09:03619] *** End of error message ***
[hero09:03614] *** Process received signal ***
[hero09:03614] Signal: Segmentation fault (11)
[hero09:03614] Signal code: Address not mapped (1)
[hero09:03614] Failing at address: 0x781f8230
[hero09:03614] [ 0] /lib64/libc.so.6(+0x36280)[0x7f25da02b280]
[hero09:03614] [ 1] /homes/bewewer/proj4/CIS520P4/src/3way-mpi/mpi-prod[0x40254b]
[hero09:03614] [ 2] /lib64/libc.so.6(__libc_start_main+0xf5)[0x7f25da0173d5]
[hero09:03614] [ 3] /homes/bewewer/proj4/CIS520P4/src/3way-mpi/mpi-prod[0x4022a9]
[hero09:03614] *** End of error message ***
[hero09:03612] *** Process received signal ***
[hero09:03612] Signal: Segmentation fault (11)
[hero09:03612] Signal code: Address not mapped (1)
[hero09:03612] Failing at address: 0x781f8230
[hero09:03612] [ 0] /lib64/libc.so.6(+0x36280)[0x7fe06eb91280]
[hero09:03612] [ 1] /homes/bewewer/proj4/CIS520P4/src/3way-mpi/mpi-prod[0x40254b]
[hero09:03612] [ 2] /lib64/libc.so.6(__libc_start_main+0xf5)[0x7fe06eb7d3d5]
[hero09:03612] [ 3] /homes/bewewer/proj4/CIS520P4/src/3way-mpi/mpi-prod[0x4022a9]
[hero09:03612] *** End of error message ***
[hero09:03615] *** Process received signal ***
[hero09:03618] *** Process received signal ***
[hero09:03618] Signal: Segmentation fault (11)
[hero09:03618] Signal code: Address not mapped (1)
[hero09:03618] Failing at address: 0x781f8230
[hero09:03615] Signal: Segmentation fault (11)
[hero09:03615] Signal code: Address not mapped (1)
[hero09:03615] Failing at address: 0x781f8230
[hero09:03618] [ 0] [hero09:03615] [ 0] /lib64/libc.so.6(+0x36280)[0x7f3d1ec27280]
[hero09:03618] [ 1] /homes/bewewer/proj4/CIS520P4/src/3way-mpi/mpi-prod[0x40254b]
[hero09:03618] [ 2] /lib64/libc.so.6(+0x36280)[0x7fddabf4d280]
[hero09:03615] [ 1] /homes/bewewer/proj4/CIS520P4/src/3way-mpi/mpi-prod[0x40254b]
[hero09:03615] [ 2] /lib64/libc.so.6(__libc_start_main+0xf5)[0x7f3d1ec133d5]
[hero09:03618] [ 3] /homes/bewewer/proj4/CIS520P4/src/3way-mpi/mpi-prod[0x4022a9]
[hero09:03618] *** End of error message ***
/lib64/libc.so.6(__libc_start_main+0xf5)[0x7fddabf393d5]
[hero09:03615] [ 3] /homes/bewewer/proj4/CIS520P4/src/3way-mpi/mpi-prod[0x4022a9]
[hero09:03615] *** End of error message ***
[hero09:03617] *** Process received signal ***
[hero09:03617] Signal: Segmentation fault (11)
[hero09:03617] Signal code: Address not mapped (1)
[hero09:03617] Failing at address: 0x781f8230
[hero09:03617] [ 0] /lib64/libc.so.6(+0x36280)[0x7fbd30229280]
[hero09:03617] [ 1] /homes/bewewer/proj4/CIS520P4/src/3way-mpi/mpi-prod[0x40254b]
[hero09:03617] [ 2] /lib64/libc.so.6(__libc_start_main+0xf5)[0x7fbd302153d5]
[hero09:03617] [ 3] /homes/bewewer/proj4/CIS520P4/src/3way-mpi/mpi-prod[0x4022a9]
[hero09:03617] *** End of error message ***
[hero09:03616] *** Process received signal ***
[hero09:03616] Signal: Segmentation fault (11)
[hero09:03616] Signal code: Address not mapped (1)
[hero09:03616] Failing at address: 0x781f8230
[hero09:03616] [ 0] /lib64/libc.so.6(+0x36280)[0x7f8188122280]
[hero09:03616] [ 1] /homes/bewewer/proj4/CIS520P4/src/3way-mpi/mpi-prod[0x40254b]
[hero09:03616] [ 2] /lib64/libc.so.6(__libc_start_main+0xf5)[0x7f818810e3d5]
[hero09:03616] [ 3] /homes/bewewer/proj4/CIS520P4/src/3way-mpi/mpi-prod[0x4022a9]
[hero09:03616] *** End of error message ***
[hero09:03613] *** Process received signal ***
[hero09:03613] Signal: Segmentation fault (11)
[hero09:03613] Signal code: Address not mapped (1)
[hero09:03613] Failing at address: 0x781f8230
[hero09:03613] [ 0] /lib64/libc.so.6(+0x36280)[0x7f0c15b2d280]
[hero09:03613] [ 1] /homes/bewewer/proj4/CIS520P4/src/3way-mpi/mpi-prod[0x40254b]
[hero09:03613] [ 2] /lib64/libc.so.6(__libc_start_main+0xf5)[0x7f0c15b193d5]
[hero09:03613] [ 3] /homes/bewewer/proj4/CIS520P4/src/3way-mpi/mpi-prod[0x4022a9]
[hero09:03613] *** End of error message ***
--------------------------------------------------------------------------
Primary job  terminated normally, but 1 process returned
a non-zero exit code. Per user-direction, the job has been aborted.
--------------------------------------------------------------------------
--------------------------------------------------------------------------
mpirun detected that one or more processes exited with non-zero status, thus causing
the job to be terminated. The first process to do so was:

  Process name: [[54418,1],7]
  Exit code:    11
--------------------------------------------------------------------------
