--------------------------------------------------------------------------
WARNING: No preset parameters were found for the device that Open MPI
detected:

  Local host:            wizard26
  Device name:           i40iw0
  Device vendor ID:      0x8086
  Device vendor part ID: 14291

Default device parameters will be used, which may result in lower
performance.  You can edit any of the files specified by the
btl_openib_device_param_files MCA parameter to set values for your
device.

NOTE: You can turn off this warning by setting the MCA parameter
      btl_openib_warn_no_device_params_found to 0.
--------------------------------------------------------------------------
--------------------------------------------------------------------------
No OpenFabrics connection schemes reported that they were able to be
used on a specific port.  As such, the openib BTL (OpenFabrics
support) will be disabled for this port.

  Local host:           wizard26
  Local device:         i40iw2
  Local port:           1
  CPCs attempted:       rdmacm, udcm
--------------------------------------------------------------------------
--------------------------------------------------------------------------
The OpenFabrics (openib) BTL failed to initialize while trying to
create an internal queue.  This typically indicates a failed
OpenFabrics installation, faulty hardware, or that Open MPI is
attempting to use a feature that is not supported on your hardware
(i.e., is a shared receive queue specified in the
btl_openib_receive_queues MCA parameter with a device that does not
support it?).  The failure occured here:

  Local host:  wizard26
  OMPI source: btl_openib.c:316
  Function:    ibv_create_srq()
  Error:       Function not implemented (errno=38)
  Device:      i40iw3

You may need to consult with your system administrator to get this
problem fixed.
--------------------------------------------------------------------------
[wizard26][[54569,1],1][btl_openib.c:1134:mca_btl_openib_add_procs] could not prepare openib btl module for use
[wizard26][[54569,1],10][btl_openib.c:1134:mca_btl_openib_add_procs] could not prepare openib btl module for use
[wizard26][[54569,1],12][btl_openib.c:1134:mca_btl_openib_add_procs] could not prepare openib btl module for use
[wizard26][[54569,1],4][btl_openib.c:1134:mca_btl_openib_add_procs] could not prepare openib btl module for use
[wizard26][[54569,1],6][btl_openib.c:1134:mca_btl_openib_add_procs] could not prepare openib btl module for use
[wizard26][[54569,1],9][btl_openib.c:1134:mca_btl_openib_add_procs] could not prepare openib btl module for use
[wizard26][[54569,1],0][btl_openib.c:1134:mca_btl_openib_add_procs] could not prepare openib btl module for use
[wizard26][[54569,1],15][btl_openib.c:1134:mca_btl_openib_add_procs] could not prepare openib btl module for use
[wizard26][[54569,1],7][btl_openib.c:1134:mca_btl_openib_add_procs] could not prepare openib btl module for use
[wizard26][[54569,1],5][btl_openib.c:1134:mca_btl_openib_add_procs] could not prepare openib btl module for use
[wizard26][[54569,1],13][btl_openib.c:1134:mca_btl_openib_add_procs] could not prepare openib btl module for use
[wizard26][[54569,1],8][btl_openib.c:1134:mca_btl_openib_add_procs] could not prepare openib btl module for use
[wizard26][[54569,1],2][btl_openib.c:1134:mca_btl_openib_add_procs] could not prepare openib btl module for use
[wizard26][[54569,1],11][btl_openib.c:1134:mca_btl_openib_add_procs] could not prepare openib btl module for use
[wizard26][[54569,1],3][btl_openib.c:1134:mca_btl_openib_add_procs] could not prepare openib btl module for use
[wizard26][[54569,1],14][btl_openib.c:1134:mca_btl_openib_add_procs] could not prepare openib btl module for use
size = 16 - rank = 0
size = 16 - rank = 1
size = 16 - rank = 2
size = 16 - rank = 3
size = 16 - rank = 4
size = 16 - rank = 5
size = 16 - rank = 6
size = 16 - rank = 7
size = 16 - rank = 8
size = 16 - rank = 9
size = 16 - rank = 10
size = 16 - rank = 11
size = 16 - rank = 12
size = 16 - rank = 13
size = 16 - rank = 14
size = 16 - rank = 15
[wizard26:22394] 63 more processes have sent help message help-mpi-btl-openib.txt / no device params found
[wizard26:22394] Set MCA parameter "orte_base_help_aggregate" to 0 to see all help / error messages
[wizard26:22394] 15 more processes have sent help message help-mpi-btl-openib-cpc-base.txt / no cpcs for port
[wizard26:22394] 15 more processes have sent help message help-mpi-btl-openib.txt / init-fail-create-q
[wizard26:22403] Read -1, expected 131072, errno = 14
[wizard26:22428] Read -1, expected 131072, errno = 14
[wizard26:22430] Read -1, expected 131072, errno = 14
--------------------------------------------------------------------------
Primary job  terminated normally, but 1 process returned
a non-zero exit code. Per user-direction, the job has been aborted.
--------------------------------------------------------------------------
--------------------------------------------------------------------------
mpirun detected that one or more processes exited with non-zero status, thus causing
the job to be terminated. The first process to do so was:

  Process name: [[54569,1],0]
  Exit code:    9
--------------------------------------------------------------------------
slurmstepd: error: Detected 86 oom-kill event(s) in step 9542061.batch cgroup. Some of your processes may have been killed by the cgroup out-of-memory handler.
