size = 2 - rank = 0
size = 2 - rank = 1
[mage01:09304] *** Process received signal ***
[mage01:09304] Signal: Segmentation fault (11)
[mage01:09304] Signal code: Address not mapped (1)
[mage01:09304] Failing at address: 0x781f8230
[mage01:09304] [ 0] /lib64/libc.so.6(+0x36280)[0x7fe494b7e280]
[mage01:09304] [ 1] /homes/bewewer/proj4/CIS520P4/src/3way-mpi/mpi-prod[0x40254b]
[mage01:09304] [ 2] /lib64/libc.so.6(__libc_start_main+0xf5)[0x7fe494b6a3d5]
[mage01:09304] [ 3] /homes/bewewer/proj4/CIS520P4/src/3way-mpi/mpi-prod[0x4022a9]
[mage01:09304] *** End of error message ***
[mage01:09303] *** Process received signal ***
[mage01:09303] Signal: Segmentation fault (11)
[mage01:09303] Signal code: Address not mapped (1)
[mage01:09303] Failing at address: 0x781f8230
[mage01:09303] [ 0] /lib64/libc.so.6(+0x36280)[0x7f9fe3613280]
[mage01:09303] [ 1] /homes/bewewer/proj4/CIS520P4/src/3way-mpi/mpi-prod[0x40254b]
[mage01:09303] [ 2] /lib64/libc.so.6(__libc_start_main+0xf5)[0x7f9fe35ff3d5]
[mage01:09303] [ 3] /homes/bewewer/proj4/CIS520P4/src/3way-mpi/mpi-prod[0x4022a9]
[mage01:09303] *** End of error message ***
--------------------------------------------------------------------------
Primary job  terminated normally, but 1 process returned
a non-zero exit code. Per user-direction, the job has been aborted.
--------------------------------------------------------------------------
--------------------------------------------------------------------------
mpirun detected that one or more processes exited with non-zero status, thus causing
the job to be terminated. The first process to do so was:

  Process name: [[237,1],0]
  Exit code:    11
--------------------------------------------------------------------------
