size = 8 - rank = 0
size = 8 - rank = 1
size = 8 - rank = 2
size = 8 - rank = 3
size = 8 - rank = 4
size = 8 - rank = 5
size = 8 - rank = 6
size = 8 - rank = 7
[hero09:07524] *** Process received signal ***
[hero09:07524] Signal: Segmentation fault (11)
[hero09:07524] Signal code: Address not mapped (1)
[hero09:07524] Failing at address: 0x781f8230
[hero09:07524] [ 0] /lib64/libc.so.6(+0x36280)[0x7fecd1633280]
[hero09:07524] [ 1] /homes/bewewer/proj4/CIS520P4/src/3way-mpi/mpi-prod[0x40254b]
[hero09:07524] [ 2] /lib64/libc.so.6(__libc_start_main+0xf5)[0x7fecd161f3d5]
[hero09:07524] [ 3] /homes/bewewer/proj4/CIS520P4/src/3way-mpi/mpi-prod[0x4022a9]
[hero09:07524] *** End of error message ***
[hero09:07516] *** Process received signal ***
[hero09:07516] Signal: Segmentation fault (11)
[hero09:07516] Signal code: Address not mapped (1)
[hero09:07516] Failing at address: 0x781f8230
[hero09:07516] [ 0] /lib64/libc.so.6(+0x36280)[0x7f14d4bbb280]
[hero09:07516] [ 1] /homes/bewewer/proj4/CIS520P4/src/3way-mpi/mpi-prod[0x40254b]
[hero09:07516] [ 2] /lib64/libc.so.6(__libc_start_main+0xf5)[0x7f14d4ba73d5]
[hero09:07516] [ 3] /homes/bewewer/proj4/CIS520P4/src/3way-mpi/mpi-prod[0x4022a9]
[hero09:07516] *** End of error message ***
[hero09:07521] *** Process received signal ***
[hero09:07521] Signal: Segmentation fault (11)
[hero09:07521] Signal code: Address not mapped (1)
[hero09:07521] Failing at address: 0x781f8230
[hero09:07521] [ 0] /lib64/libc.so.6(+0x36280)[0x7f5800fb1280]
[hero09:07521] [ 1] /homes/bewewer/proj4/CIS520P4/src/3way-mpi/mpi-prod[0x40254b]
[hero09:07521] [ 2] /lib64/libc.so.6(__libc_start_main+0xf5)[0x7f5800f9d3d5]
[hero09:07521] [ 3] /homes/bewewer/proj4/CIS520P4/src/3way-mpi/mpi-prod[0x4022a9]
[hero09:07521] *** End of error message ***
[hero09:07523] *** Process received signal ***
[hero09:07523] Signal: Segmentation fault (11)
[hero09:07523] Signal code: Address not mapped (1)
[hero09:07523] Failing at address: 0x781f8230
[hero09:07523] [ 0] /lib64/libc.so.6(+0x36280)[0x7f580f7dd280]
[hero09:07523] [ 1] /homes/bewewer/proj4/CIS520P4/src/3way-mpi/mpi-prod[0x40254b]
[hero09:07523] [ 2] /lib64/libc.so.6(__libc_start_main+0xf5)[0x7f580f7c93d5]
[hero09:07523] [ 3] /homes/bewewer/proj4/CIS520P4/src/3way-mpi/mpi-prod[0x4022a9]
[hero09:07523] *** End of error message ***
[hero09:07519] *** Process received signal ***
[hero09:07519] Signal: Segmentation fault (11)
[hero09:07519] Signal code: Address not mapped (1)
[hero09:07519] Failing at address: 0x781f8230
[hero09:07519] [ 0] /lib64/libc.so.6(+0x36280)[0x7f8575468280]
[hero09:07519] [ 1] /homes/bewewer/proj4/CIS520P4/src/3way-mpi/mpi-prod[0x40254b]
[hero09:07519] [ 2] /lib64/libc.so.6(__libc_start_main+0xf5)[0x7f85754543d5]
[hero09:07519] [ 3] /homes/bewewer/proj4/CIS520P4/src/3way-mpi/mpi-prod[0x4022a9]
[hero09:07519] *** End of error message ***
[hero09:07517] *** Process received signal ***
[hero09:07517] Signal: Segmentation fault (11)
[hero09:07517] Signal code: Address not mapped (1)
[hero09:07517] Failing at address: 0x781f8230
[hero09:07517] [ 0] /lib64/libc.so.6(+0x36280)[0x7f0e0ca0b280]
[hero09:07517] [ 1] /homes/bewewer/proj4/CIS520P4/src/3way-mpi/mpi-prod[0x40254b]
[hero09:07517] [ 2] /lib64/libc.so.6(__libc_start_main+0xf5)[0x7f0e0c9f73d5]
[hero09:07517] [ 3] /homes/bewewer/proj4/CIS520P4/src/3way-mpi/mpi-prod[0x4022a9]
[hero09:07517] *** End of error message ***
[hero09:07514] *** Process received signal ***
[hero09:07514] Signal: Segmentation fault (11)
[hero09:07514] Signal code: Address not mapped (1)
[hero09:07514] Failing at address: 0x781f8230
[hero09:07514] [ 0] /lib64/libc.so.6(+0x36280)[0x7f60a3002280]
[hero09:07514] [ 1] /homes/bewewer/proj4/CIS520P4/src/3way-mpi/mpi-prod[0x40254b]
[hero09:07514] [ 2] /lib64/libc.so.6(__libc_start_main+0xf5)[0x7f60a2fee3d5]
[hero09:07514] [ 3] /homes/bewewer/proj4/CIS520P4/src/3way-mpi/mpi-prod[0x4022a9]
[hero09:07514] *** End of error message ***
[hero09:07515] *** Process received signal ***
[hero09:07515] Signal: Segmentation fault (11)
[hero09:07515] Signal code: Address not mapped (1)
[hero09:07515] Failing at address: 0x781f8230
[hero09:07515] [ 0] /lib64/libc.so.6(+0x36280)[0x7f638d2b4280]
[hero09:07515] [ 1] /homes/bewewer/proj4/CIS520P4/src/3way-mpi/mpi-prod[0x40254b]
[hero09:07515] [ 2] /lib64/libc.so.6(__libc_start_main+0xf5)[0x7f638d2a03d5]
[hero09:07515] [ 3] /homes/bewewer/proj4/CIS520P4/src/3way-mpi/mpi-prod[0x4022a9]
[hero09:07515] *** End of error message ***
--------------------------------------------------------------------------
Primary job  terminated normally, but 1 process returned
a non-zero exit code. Per user-direction, the job has been aborted.
--------------------------------------------------------------------------
--------------------------------------------------------------------------
mpirun detected that one or more processes exited with non-zero status, thus causing
the job to be terminated. The first process to do so was:

  Process name: [[51149,1],2]
  Exit code:    11
--------------------------------------------------------------------------
