size = 8 - rank = 0
size = 8 - rank = 3
size = 8 - rank = 4
size = 8 - rank = 5
size = 8 - rank = 6
size = 8 - rank = 7
size = 8 - rank = 1
size = 8 - rank = 2
[hero09:03789] *** Process received signal ***
[hero09:03789] Signal: Segmentation fault (11)
[hero09:03789] Signal code: Address not mapped (1)
[hero09:03789] Failing at address: 0x781f8230
[hero09:03789] [ 0] /lib64/libc.so.6(+0x36280)[0x7fd2a6075280]
[hero09:03789] [ 1] /homes/bewewer/proj4/CIS520P4/src/3way-mpi/mpi-prod[0x40254b]
[hero09:03789] [ 2] /lib64/libc.so.6(__libc_start_main+0xf5)[0x7fd2a60613d5]
[hero09:03789] [ 3] /homes/bewewer/proj4/CIS520P4/src/3way-mpi/mpi-prod[0x4022a9]
[hero09:03789] *** End of error message ***
[hero09:03787] *** Process received signal ***
[hero09:03787] Signal: Segmentation fault (11)
[hero09:03787] Signal code: Address not mapped (1)
[hero09:03787] Failing at address: 0x781f8230
[hero09:03787] [ 0] /lib64/libc.so.6(+0x36280)[0x7f61b0bb7280]
[hero09:03787] [ 1] /homes/bewewer/proj4/CIS520P4/src/3way-mpi/mpi-prod[0x40254b]
[hero09:03787] [ 2] /lib64/libc.so.6(__libc_start_main+0xf5)[0x7f61b0ba33d5]
[hero09:03787] [ 3] /homes/bewewer/proj4/CIS520P4/src/3way-mpi/mpi-prod[0x4022a9]
[hero09:03787] *** End of error message ***
[hero09:03791] *** Process received signal ***
[hero09:03791] Signal: Segmentation fault (11)
[hero09:03791] Signal code: Address not mapped (1)
[hero09:03791] Failing at address: 0x781f8230
[hero09:03782] *** Process received signal ***
[hero09:03782] Signal: Segmentation fault (11)
[hero09:03782] Signal code: Address not mapped (1)
[hero09:03782] Failing at address: 0x781f8230
[hero09:03791] [ 0] /lib64/libc.so.6(+0x36280)[0x7f8248061280]
[hero09:03791] [ 1] /homes/bewewer/proj4/CIS520P4/src/3way-mpi/mpi-prod[0x40254b]
[hero09:03791] [ 2] [hero09:03782] [ 0] /lib64/libc.so.6(__libc_start_main+0xf5)[0x7f824804d3d5]
[hero09:03791] [ 3] /homes/bewewer/proj4/CIS520P4/src/3way-mpi/mpi-prod[0x4022a9]
[hero09:03791] *** End of error message ***
/lib64/libc.so.6(+0x36280)[0x7f4285791280]
[hero09:03782] [ 1] /homes/bewewer/proj4/CIS520P4/src/3way-mpi/mpi-prod[0x40254b]
[hero09:03782] [ 2] /lib64/libc.so.6(__libc_start_main+0xf5)[0x7f428577d3d5]
[hero09:03782] [ 3] /homes/bewewer/proj4/CIS520P4/src/3way-mpi/mpi-prod[0x4022a9]
[hero09:03782] *** End of error message ***
[hero09:03784] *** Process received signal ***
[hero09:03784] Signal: Segmentation fault (11)
[hero09:03784] Signal code: Address not mapped (1)
[hero09:03784] Failing at address: 0x781f8230
[hero09:03784] [ 0] /lib64/libc.so.6(+0x36280)[0x7fbffc15b280]
[hero09:03784] [ 1] /homes/bewewer/proj4/CIS520P4/src/3way-mpi/mpi-prod[0x40254b]
[hero09:03784] [ 2] /lib64/libc.so.6(__libc_start_main+0xf5)[0x7fbffc1473d5]
[hero09:03784] [ 3] /homes/bewewer/proj4/CIS520P4/src/3way-mpi/mpi-prod[0x4022a9]
[hero09:03784] *** End of error message ***
[hero09:03792] *** Process received signal ***
[hero09:03792] Signal: Segmentation fault (11)
[hero09:03792] Signal code: Address not mapped (1)
[hero09:03792] Failing at address: 0x781f8230
[hero09:03792] [ 0] /lib64/libc.so.6(+0x36280)[0x7fe5d4d85280]
[hero09:03792] [ 1] /homes/bewewer/proj4/CIS520P4/src/3way-mpi/mpi-prod[0x40254b]
[hero09:03792] [ 2] /lib64/libc.so.6(__libc_start_main+0xf5)[0x7fe5d4d713d5]
[hero09:03792] [ 3] /homes/bewewer/proj4/CIS520P4/src/3way-mpi/mpi-prod[0x4022a9]
[hero09:03792] *** End of error message ***
[hero09:03785] *** Process received signal ***
[hero09:03785] Signal: Segmentation fault (11)
[hero09:03785] Signal code: Address not mapped (1)
[hero09:03785] Failing at address: 0x781f8230
[hero09:03785] [ 0] /lib64/libc.so.6(+0x36280)[0x7f162670f280]
[hero09:03785] [ 1] /homes/bewewer/proj4/CIS520P4/src/3way-mpi/mpi-prod[0x40254b]
[hero09:03785] [ 2] /lib64/libc.so.6(__libc_start_main+0xf5)[0x7f16266fb3d5]
[hero09:03785] [ 3] /homes/bewewer/proj4/CIS520P4/src/3way-mpi/mpi-prod[0x4022a9]
[hero09:03785] *** End of error message ***
[hero09:03783] *** Process received signal ***
[hero09:03783] Signal: Segmentation fault (11)
[hero09:03783] Signal code: Address not mapped (1)
[hero09:03783] Failing at address: 0x781f8230
[hero09:03783] [ 0] /lib64/libc.so.6(+0x36280)[0x7f0eaa9e4280]
[hero09:03783] [ 1] /homes/bewewer/proj4/CIS520P4/src/3way-mpi/mpi-prod[0x40254b]
[hero09:03783] [ 2] /lib64/libc.so.6(__libc_start_main+0xf5)[0x7f0eaa9d03d5]
[hero09:03783] [ 3] /homes/bewewer/proj4/CIS520P4/src/3way-mpi/mpi-prod[0x4022a9]
[hero09:03783] *** End of error message ***
--------------------------------------------------------------------------
Primary job  terminated normally, but 1 process returned
a non-zero exit code. Per user-direction, the job has been aborted.
--------------------------------------------------------------------------
--------------------------------------------------------------------------
mpirun detected that one or more processes exited with non-zero status, thus causing
the job to be terminated. The first process to do so was:

  Process name: [[54314,1],4]
  Exit code:    11
--------------------------------------------------------------------------
