size = 2 - rank = 0
size = 2 - rank = 1
[mage01:08947] *** Process received signal ***
[mage01:08947] Signal: Segmentation fault (11)
[mage01:08947] Signal code: Address not mapped (1)
[mage01:08947] Failing at address: 0x781f8230
[mage01:08947] [ 0] /lib64/libc.so.6(+0x36280)[0x7efd2264d280]
[mage01:08947] [ 1] /homes/bewewer/proj4/CIS520P4/src/3way-mpi/mpi-prod[0x40254b]
[mage01:08947] [ 2] /lib64/libc.so.6(__libc_start_main+0xf5)[0x7efd226393d5]
[mage01:08947] [ 3] /homes/bewewer/proj4/CIS520P4/src/3way-mpi/mpi-prod[0x4022a9]
[mage01:08947] *** End of error message ***
[mage01:08948] *** Process received signal ***
[mage01:08948] Signal: Segmentation fault (11)
[mage01:08948] Signal code: Address not mapped (1)
[mage01:08948] Failing at address: 0x781f8230
[mage01:08948] [ 0] /lib64/libc.so.6(+0x36280)[0x7f20cdff2280]
[mage01:08948] [ 1] /homes/bewewer/proj4/CIS520P4/src/3way-mpi/mpi-prod[0x40254b]
[mage01:08948] [ 2] /lib64/libc.so.6(__libc_start_main+0xf5)[0x7f20cdfde3d5]
[mage01:08948] [ 3] /homes/bewewer/proj4/CIS520P4/src/3way-mpi/mpi-prod[0x4022a9]
[mage01:08948] *** End of error message ***
--------------------------------------------------------------------------
Primary job  terminated normally, but 1 process returned
a non-zero exit code. Per user-direction, the job has been aborted.
--------------------------------------------------------------------------
--------------------------------------------------------------------------
mpirun detected that one or more processes exited with non-zero status, thus causing
the job to be terminated. The first process to do so was:

  Process name: [[1617,1],0]
  Exit code:    11
--------------------------------------------------------------------------
