size = 2 - rank = 0
size = 2 - rank = 1
[mage01:08062] *** Process received signal ***
[mage01:08062] Signal: Segmentation fault (11)
[mage01:08062] Signal code: Address not mapped (1)
[mage01:08062] Failing at address: 0x781f8230
[mage01:08062] [ 0] /lib64/libc.so.6(+0x36280)[0x7fe83a499280]
[mage01:08062] [ 1] /homes/bewewer/proj4/CIS520P4/src/3way-mpi/mpi-prod[0x40254b]
[mage01:08062] [ 2] /lib64/libc.so.6(__libc_start_main+0xf5)[0x7fe83a4853d5]
[mage01:08062] [ 3] /homes/bewewer/proj4/CIS520P4/src/3way-mpi/mpi-prod[0x4022a9]
[mage01:08062] *** End of error message ***
[mage01:08061] *** Process received signal ***
[mage01:08061] Signal: Segmentation fault (11)
[mage01:08061] Signal code: Address not mapped (1)
[mage01:08061] Failing at address: 0x781f8230
[mage01:08061] [ 0] /lib64/libc.so.6(+0x36280)[0x7f552a23b280]
[mage01:08061] [ 1] /homes/bewewer/proj4/CIS520P4/src/3way-mpi/mpi-prod[0x40254b]
[mage01:08061] [ 2] /lib64/libc.so.6(__libc_start_main+0xf5)[0x7f552a2273d5]
[mage01:08061] [ 3] /homes/bewewer/proj4/CIS520P4/src/3way-mpi/mpi-prod[0x4022a9]
[mage01:08061] *** End of error message ***
--------------------------------------------------------------------------
Primary job  terminated normally, but 1 process returned
a non-zero exit code. Per user-direction, the job has been aborted.
--------------------------------------------------------------------------
--------------------------------------------------------------------------
mpirun detected that one or more processes exited with non-zero status, thus causing
the job to be terminated. The first process to do so was:

  Process name: [[15307,1],0]
  Exit code:    11
--------------------------------------------------------------------------
