[mage09:24371] *** Process received signal ***
[mage09:24371] Signal: Segmentation fault (11)
[mage09:24371] Signal code: Address not mapped (1)
[mage09:24371] Failing at address: 0x781f8230
[mage09:24371] [ 0] /lib64/libc.so.6(+0x36280)[0x7fee7ce53280]
[mage09:24371] [ 1] /homes/bewewer/proj4/CIS520P4/src/3way-mpi/mpi-prod[0x40254b]
[mage09:24371] [ 2] /lib64/libc.so.6(__libc_start_main+0xf5)[0x7fee7ce3f3d5]
[mage09:24371] [ 3] /homes/bewewer/proj4/CIS520P4/src/3way-mpi/mpi-prod[0x4022a9]
[mage09:24371] *** End of error message ***
[mage09:24374] *** Process received signal ***
[mage09:24374] Signal: Segmentation fault (11)
[mage09:24374] Signal code: Address not mapped (1)
[mage09:24374] Failing at address: 0x781f8230
[mage09:24374] [ 0] /lib64/libc.so.6(+0x36280)[0x7f166a856280]
[mage09:24374] [ 1] /homes/bewewer/proj4/CIS520P4/src/3way-mpi/mpi-prod[0x40254b]
[mage09:24374] [ 2] /lib64/libc.so.6(__libc_start_main+0xf5)[0x7f166a8423d5]
[mage09:24374] [ 3] /homes/bewewer/proj4/CIS520P4/src/3way-mpi/mpi-prod[0x4022a9]
[mage09:24374] *** End of error message ***
[mage09:24372] *** Process received signal ***
[mage09:24372] Signal: Segmentation fault (11)
[mage09:24372] Signal code: Address not mapped (1)
[mage09:24372] Failing at address: 0x781f8230
[mage09:24372] [ 0] [mage09:24376] *** Process received signal ***
[mage09:24376] Signal: Segmentation fault (11)
[mage09:24376] Signal code: Address not mapped (1)
[mage09:24376] Failing at address: 0x781f8230
[mage09:24376] [ 0] /lib64/libc.so.6(+0x36280)[0x7fa3ffa2d280]
[mage09:24376] [ 1] /homes/bewewer/proj4/CIS520P4/src/3way-mpi/mpi-prod[0x40254b]
[mage09:24376] [ 2] /lib64/libc.so.6(__libc_start_main+0xf5)[0x7fa3ffa193d5]
[mage09:24376] [ 3] /homes/bewewer/proj4/CIS520P4/src/3way-mpi/mpi-prod[0x4022a9]
[mage09:24376] *** End of error message ***
/lib64/libc.so.6(+0x36280)[0x7f7fa5a9c280]
[mage09:24372] [ 1] /homes/bewewer/proj4/CIS520P4/src/3way-mpi/mpi-prod[0x40254b]
[mage09:24372] [ 2] /lib64/libc.so.6(__libc_start_main+0xf5)[0x7f7fa5a883d5]
[mage09:24372] [ 3] /homes/bewewer/proj4/CIS520P4/src/3way-mpi/mpi-prod[0x4022a9]
[mage09:24372] *** End of error message ***
--------------------------------------------------------------------------
Primary job  terminated normally, but 1 process returned
a non-zero exit code. Per user-direction, the job has been aborted.
--------------------------------------------------------------------------
--------------------------------------------------------------------------
mpirun detected that one or more processes exited with non-zero status, thus causing
the job to be terminated. The first process to do so was:

  Process name: [[52948,1],0]
  Exit code:    11
--------------------------------------------------------------------------
