size = 4 - rank = 1
size = 4 - rank = 2
size = 4 - rank = 3
size = 4 - rank = 0
[mage09:41012] *** Process received signal ***
[mage09:41012] Signal: Segmentation fault (11)
[mage09:41012] Signal code: Address not mapped (1)
[mage09:41012] Failing at address: 0x781f8230
[mage09:41012] [ 0] /lib64/libc.so.6(+0x36280)[0x7fcdc6761280]
[mage09:41012] [ 1] /homes/bewewer/proj4/CIS520P4/src/3way-mpi/mpi-prod[0x40254b]
[mage09:41012] [ 2] /lib64/libc.so.6(__libc_start_main+0xf5)[0x7fcdc674d3d5]
[mage09:41012] [ 3] /homes/bewewer/proj4/CIS520P4/src/3way-mpi/mpi-prod[0x4022a9]
[mage09:41012] *** End of error message ***
[mage09:41008] *** Process received signal ***
[mage09:41008] Signal: Segmentation fault (11)
[mage09:41008] Signal code: Address not mapped (1)
[mage09:41008] Failing at address: 0x781f8230
[mage09:41008] [ 0] /lib64/libc.so.6(+0x36280)[0x7fa40e632280]
[mage09:41008] [ 1] /homes/bewewer/proj4/CIS520P4/src/3way-mpi/mpi-prod[0x40254b]
[mage09:41008] [ 2] /lib64/libc.so.6(__libc_start_main+0xf5)[0x7fa40e61e3d5]
[mage09:41008] [ 3] /homes/bewewer/proj4/CIS520P4/src/3way-mpi/mpi-prod[0x4022a9]
[mage09:41008] *** End of error message ***
--------------------------------------------------------------------------
Primary job  terminated normally, but 1 process returned
a non-zero exit code. Per user-direction, the job has been aborted.
--------------------------------------------------------------------------
--------------------------------------------------------------------------
mpirun detected that one or more processes exited with non-zero status, thus causing
the job to be terminated. The first process to do so was:

  Process name: [[12753,1],3]
  Exit code:    11
--------------------------------------------------------------------------
